
Showing logs for build [32mfisoluwajana-jx-go-http-pr-4-se-1[0m stage [32mmeta-pipeline[0m and container [32mstep-credential-initializer-xn6ck[0m
{"level":"warn","ts":1568304060.5536354,"logger":"fallback-logger","caller":"logging/config.go:69","msg":"Fetch GitHub commit ID from kodata failed: \"ref: refs/heads/master\" is not a valid GitHub commit ID"}
{"level":"info","ts":1568304060.5542977,"logger":"fallback-logger","caller":"creds-init/main.go:40","msg":"Credentials initialized."}

Showing logs for build [32mfisoluwajana-jx-go-http-pr-4-se-1[0m stage [32mmeta-pipeline[0m and container [32mstep-working-dir-initializer-zld8q[0m
{"level":"warn","ts":1568304061.099567,"logger":"fallback-logger","caller":"logging/config.go:69","msg":"Fetch GitHub commit ID from kodata failed: open /var/run/ko/HEAD: no such file or directory"}
{"level":"info","ts":1568304061.1013274,"logger":"fallback-logger","caller":"bash/main.go:65","msg":"Successfully executed command \"mkdir -p /workspace/source\""}

Showing logs for build [32mfisoluwajana-jx-go-http-pr-4-se-1[0m stage [32mmeta-pipeline[0m and container [32mstep-place-tools[0m

Showing logs for build [32mfisoluwajana-jx-go-http-pr-4-se-1[0m stage [32mmeta-pipeline[0m and container [32mstep-git-source-meta-fisoluwajana-jx-go-http-pr-6mt44[0m
{"level":"warn","ts":1568304066.2069209,"logger":"fallback-logger","caller":"logging/config.go:69","msg":"Fetch GitHub commit ID from kodata failed: \"ref: refs/heads/master\" is not a valid GitHub commit ID"}
{"level":"info","ts":1568304067.3114874,"logger":"fallback-logger","caller":"git/git.go:102","msg":"Successfully cloned https://github.com/************/**-go-http.git @ 331860623486abf298ce69cb17ec49df1c034067 in path /workspace/source"}

Showing logs for build [32mfisoluwajana-jx-go-http-pr-4-se-1[0m stage [32mmeta-pipeline[0m and container [32mstep-git-merge[0m
Using SHAs from PULL_REFS=master:331860623486abf298ce69cb17ec49df1c034067,4:f405f5f0fe2c62919a0a61ae8b715b936554a1f1
DEBUG: ran git fetch --unshallow origin f405f5f0fe2c62919a0a61ae8b715b936554a1f1: 331860623486abf298ce69cb17ec49df1c034067: in 
DEBUG: ran git checkout master in 
DEBUG: ran git reset --hard 331860623486abf298ce69cb17ec49df1c034067 in 
DEBUG: ran clean --force -d . in 
DEBUG: ran git merge f405f5f0fe2c62919a0a61ae8b715b936554a1f1 in 
Merged SHA f405f5f0fe2c62919a0a61ae8b715b936554a1f1 with commit message 'New welcome message' into base branch master
Merged SHA fa66be03ea46728941608f8dca066d7c4bced5d7 with commit message 'New welcome message' into base branch master
Merged SHA eb18441aacba5aa715c284b66fd54e96240ff7e4 with commit message 'New welcome message' into base branch master

Showing logs for build [32mfisoluwajana-jx-go-http-pr-4-se-1[0m stage [32mmeta-pipeline[0m and container [32mstep-merge-pull-refs[0m
DEBUG: ran git fetch origin f405f5f0fe2c62919a0a61ae8b715b936554a1f1: 331860623486abf298ce69cb17ec49df1c034067: in 
DEBUG: Unshallowed git repo in 
DEBUG: ran git checkout master in 
DEBUG: ran git reset --hard 331860623486abf298ce69cb17ec49df1c034067 in 
DEBUG: ran clean --force -d . in 
DEBUG: ran git merge f405f5f0fe2c62919a0a61ae8b715b936554a1f1 in 
Merged SHA f405f5f0fe2c62919a0a61ae8b715b936554a1f1 with commit message 'New welcome message' into base branch master
Merged SHA fa66be03ea46728941608f8dca066d7c4bced5d7 with commit message 'New welcome message' into base branch master
Merged SHA eb18441aacba5aa715c284b66fd54e96240ff7e4 with commit message 'New welcome message' into base branch master

Showing logs for build [32mfisoluwajana-jx-go-http-pr-4-se-1[0m stage [32mmeta-pipeline[0m and container [32mstep-create-effective-pipeline[0m
Deleting and cloning the Jenkins X versions repo
Cloning the Jenkins X versions repo https://github.com/jenkins-x/jenkins-x-versions.git with ref refs/heads/master to /builder/home/.**/jenkins-x-versions
Effective pipeline written to jenkins-x-serverless-jenkins-effective.yml

Showing logs for build [32mfisoluwajana-jx-go-http-pr-4-se-1[0m stage [32mmeta-pipeline[0m and container [32mstep-create-tekton-crds[0m
PipelineActivity for ************-**-go-http-PR-4-1
Applying changes 
upserted PipelineResource ************-**-go-http-pr-4-se for the git repository https://github.com/************/**-go-http.git
upserted Task ************-**-go-http-pr-4-se-from-build-pack-1
upserted Pipeline ************-**-go-http-pr-4-se-1
created PipelineRun ************-**-go-http-pr-4-se-1
created PipelineStructure ************-**-go-http-pr-4-se-1

Showing logs for build [32mfisoluwajana-jx-go-http-pr-4-se-1[0m stage [32mfrom-build-pack[0m and container [32mstep-credential-initializer-xldmj[0m
{"level":"warn","ts":1568304078.768672,"logger":"fallback-logger","caller":"logging/config.go:69","msg":"Fetch GitHub commit ID from kodata failed: \"ref: refs/heads/master\" is not a valid GitHub commit ID"}
{"level":"info","ts":1568304078.7710357,"logger":"fallback-logger","caller":"creds-init/main.go:40","msg":"Credentials initialized."}

Showing logs for build [32mfisoluwajana-jx-go-http-pr-4-se-1[0m stage [32mfrom-build-pack[0m and container [32mstep-working-dir-initializer-t27x4[0m
{"level":"warn","ts":1568304079.2173133,"logger":"fallback-logger","caller":"logging/config.go:69","msg":"Fetch GitHub commit ID from kodata failed: open /var/run/ko/HEAD: no such file or directory"}
{"level":"info","ts":1568304079.2227404,"logger":"fallback-logger","caller":"bash/main.go:65","msg":"Successfully executed command \"mkdir -p /workspace/source /workspace/source/charts/preview\""}

Showing logs for build [32mfisoluwajana-jx-go-http-pr-4-se-1[0m stage [32mfrom-build-pack[0m and container [32mstep-place-tools[0m

Showing logs for build [32mfisoluwajana-jx-go-http-pr-4-se-1[0m stage [32mfrom-build-pack[0m and container [32mstep-git-source-fisoluwajana-jx-go-http-pr-4-se-zf2tl[0m
{"level":"warn","ts":1568304085.2938166,"logger":"fallback-logger","caller":"logging/config.go:69","msg":"Fetch GitHub commit ID from kodata failed: \"ref: refs/heads/master\" is not a valid GitHub commit ID"}
{"level":"info","ts":1568304086.3869512,"logger":"fallback-logger","caller":"git/git.go:102","msg":"Successfully cloned https://github.com/************/**-go-http.git @ master in path /workspace/source"}

Showing logs for build [32mfisoluwajana-jx-go-http-pr-4-se-1[0m stage [32mfrom-build-pack[0m and container [32mstep-git-merge[0m
Using SHAs from PULL_REFS=master:331860623486abf298ce69cb17ec49df1c034067,4:f405f5f0fe2c62919a0a61ae8b715b936554a1f1
DEBUG: ran git fetch --unshallow origin f405f5f0fe2c62919a0a61ae8b715b936554a1f1: 331860623486abf298ce69cb17ec49df1c034067: in 
DEBUG: ran git checkout master in 
DEBUG: ran git reset --hard 331860623486abf298ce69cb17ec49df1c034067 in 
DEBUG: ran clean --force -d . in 
DEBUG: ran git merge f405f5f0fe2c62919a0a61ae8b715b936554a1f1 in 
Merged SHA f405f5f0fe2c62919a0a61ae8b715b936554a1f1 with commit message 'New welcome message' into base branch master
Merged SHA fa66be03ea46728941608f8dca066d7c4bced5d7 with commit message 'New welcome message' into base branch master
Merged SHA eb18441aacba5aa715c284b66fd54e96240ff7e4 with commit message 'New welcome message' into base branch master

Showing logs for build [32mfisoluwajana-jx-go-http-pr-4-se-1[0m stage [32mfrom-build-pack[0m and container [32mstep-build-make-linux[0m
CGO_ENABLED=0 GOOS=linux GOARCH=amd64 GO15VENDOREXPERIMENT=1 go build -ldflags '' -o bin/**-go-http main.go

Showing logs for build [32mfisoluwajana-jx-go-http-pr-4-se-1[0m stage [32mfrom-build-pack[0m and container [32mstep-build-container-build[0m
[36mINFO[0m[0000] No base image, nothing to extract            
[36mINFO[0m[0000] cmd: EXPOSE                                  
[36mINFO[0m[0000] Adding exposed port: 8080/tcp                
[36mINFO[0m[0000] Using files from context: [/workspace/source/bin] 
[36mINFO[0m[0000] Skipping unpacking as no commands require it. 
[36mINFO[0m[0000] Taking snapshot of full filesystem...        
[36mINFO[0m[0000] EXPOSE 8080                                  
[36mINFO[0m[0000] cmd: EXPOSE                                  
[36mINFO[0m[0000] Adding exposed port: 8080/tcp                
[36mINFO[0m[0000] No files changed in this command, skipping snapshotting. 
[36mINFO[0m[0000] ENTRYPOINT ["/**-go-http"]                   
[36mINFO[0m[0000] No files changed in this command, skipping snapshotting. 
[36mINFO[0m[0000] Using files from context: [/workspace/source/bin] 
[36mINFO[0m[0000] COPY ./bin/ /                                
[36mINFO[0m[0000] Taking snapshot of files...                  
ERROR: logging before flag.Parse: E0912 16:01:34.458213       9 metadata.go:159] while reading 'google-dockercfg-url' metadata: http status code: 404 while fetching url http://metadata.google.internal./computeMetadata/v1/instance/attributes/google-dockercfg-url
ERROR: logging before flag.Parse: E0912 16:01:34.462847       9 metadata.go:142] while reading 'google-dockercfg' metadata: http status code: 404 while fetching url http://metadata.google.internal./computeMetadata/v1/instance/attributes/google-dockercfg
2019/09/12 16:01:34 pushed blob: sha256:f5aee6260b1e1cd4b4db133ec8bfc4e01c05d4ed44b57cd926ca38337350309b
2019/09/12 16:01:34 pushed blob: sha256:da141b1dd593fd3d07f846850341c3889e445b61ad22a27dca37d38e7f9a93b9
2019/09/12 16:01:34 10.31.250.150:5000/************/**-go-http:0.0.0-SNAPSHOT-PR-4-1: digest: sha256:3cb19d56ceabfecee49c0b024b92d9c4f5ed80692ef859fb12000abf2ee0946d size: 428

Showing logs for build [32mfisoluwajana-jx-go-http-pr-4-se-1[0m stage [32mfrom-build-pack[0m and container [32mstep-postbuild-post-build[0m
no CVE provider running in the current ** namespace so skip adding image to be analysed

Showing logs for build [32mfisoluwajana-jx-go-http-pr-4-se-1[0m stage [32mfrom-build-pack[0m and container [32mstep-promote-make-preview[0m
sed -i -e "s/version:.*/version: 0.0.0-SNAPSHOT-PR-4-1/" Chart.yaml
sed -i -e "s/version:.*/version: 0.0.0-SNAPSHOT-PR-4-1/" ../*/Chart.yaml
sed -i -e "s|repository:.*|repository: 10.31.250.150:5000\/************\/**-go-http|" values.yaml
sed -i -e "s/tag:.*/tag: 0.0.0-SNAPSHOT-PR-4-1/" values.yaml
echo "  version: 0.0.0-SNAPSHOT-PR-4-1" >> requirements.yaml
** step helm build
WARNING: No $CHART_REPOSITORY defined so using the default value of: http://jenkins-x-chartmuseum:8080
Adding missing Helm repo: storage.googleapis.com https://storage.googleapis.com/chartmuseum.jenkins-x.io
Successfully added Helm repository storage.googleapis.com.
Adding missing Helm repo: jenkins-x-chartmuseum http://jenkins-x-chartmuseum:8080
Successfully added Helm repository jenkins-x-chartmuseum.
WARNING: No $CHART_REPOSITORY defined so using the default value of: http://jenkins-x-chartmuseum:8080
Adding missing Helm repo: chartmuseum.jenkins-x.io http://chartmuseum.jenkins-x.io
Successfully added Helm repository chartmuseum.jenkins-x.io.

Showing logs for build [32mfisoluwajana-jx-go-http-pr-4-se-1[0m stage [32mfrom-build-pack[0m and container [32mstep-promote-jx-preview[0m
Creating a preview
Commit author email is empty for: eb18441aacba5aa715c284b66fd54e96240ff7e4
Looking for commits in: /workspace/source/
Commit author email is empty for: fa66be03ea46728941608f8dca066d7c4bced5d7
Looking for commits in: /workspace/source/
Commit author email is empty for: f405f5f0fe2c62919a0a61ae8b715b936554a1f1
Looking for commits in: /workspace/source/
Found commit author match for: ************ with email address: ************@gmail.com
Created environment ************-**-go-http-pr-4
Namespace **-************-**-go-http-pr-4 created 
expose:
  Annotations:
    helm.sh/hook: post-install,post-upgrade
    helm.sh/hook-delete-policy: hook-succeeded
  config:
    domain: 34.77.254.255.nip.io
    exposer: Ingress
    http: "true"
preview:
  image:
    repository: 10.31.250.150:5000/************/**-go-http
    tag: 0.0.0-SNAPSHOT-PR-4-1
Deleting and cloning the Jenkins X versions repo
Cloning the Jenkins X versions repo https://github.com/jenkins-x/jenkins-x-versions.git with ref refs/heads/master to /builder/home/.**/jenkins-x-versions


Updating PipelineActivities ************-**-go-http-pr-4-1 which has status Running
Preview application is now available at: http://**-go-http.**-************-**-go-http-pr-4.34.77.254.255.nip.io
