
Showing logs for build [32mfisoluwajana-jx-go-http-master-1[0m stage [32mmeta-pipeline[0m and container [32mstep-credential-initializer-b8wr4[0m
{"level":"warn","ts":1568301773.4802558,"logger":"fallback-logger","caller":"logging/config.go:69","msg":"Fetch GitHub commit ID from kodata failed: \"ref: refs/heads/master\" is not a valid GitHub commit ID"}
{"level":"info","ts":1568301773.480802,"logger":"fallback-logger","caller":"creds-init/main.go:40","msg":"Credentials initialized."}

Showing logs for build [32mfisoluwajana-jx-go-http-master-1[0m stage [32mmeta-pipeline[0m and container [32mstep-working-dir-initializer-c9q8p[0m
{"level":"warn","ts":1568301775.8513858,"logger":"fallback-logger","caller":"logging/config.go:69","msg":"Fetch GitHub commit ID from kodata failed: open /var/run/ko/HEAD: no such file or directory"}
{"level":"info","ts":1568301775.8527005,"logger":"fallback-logger","caller":"bash/main.go:65","msg":"Successfully executed command \"mkdir -p /workspace/source\""}

Showing logs for build [32mfisoluwajana-jx-go-http-master-1[0m stage [32mmeta-pipeline[0m and container [32mstep-place-tools[0m

Showing logs for build [32mfisoluwajana-jx-go-http-master-1[0m stage [32mmeta-pipeline[0m and container [32mstep-git-source-meta-fisoluwajana-jx-go-http-ma-hpdck[0m
{"level":"warn","ts":1568301790.0653112,"logger":"fallback-logger","caller":"logging/config.go:69","msg":"Fetch GitHub commit ID from kodata failed: \"ref: refs/heads/master\" is not a valid GitHub commit ID"}
{"level":"info","ts":1568301791.126284,"logger":"fallback-logger","caller":"git/git.go:102","msg":"Successfully cloned https://github.com/************/**-go-http.git @ master in path /workspace/source"}

Showing logs for build [32mfisoluwajana-jx-go-http-master-1[0m stage [32mmeta-pipeline[0m and container [32mstep-git-merge[0m
Using SHAs from PULL_REFS=master:
WARNING: no SHAs to merge, falling back to initial cloned commit

Showing logs for build [32mfisoluwajana-jx-go-http-master-1[0m stage [32mmeta-pipeline[0m and container [32mstep-merge-pull-refs[0m
SKIP merge-pull-refs: Nothing to merge

Showing logs for build [32mfisoluwajana-jx-go-http-master-1[0m stage [32mmeta-pipeline[0m and container [32mstep-create-effective-pipeline[0m
Deleting and cloning the Jenkins X versions repo
Cloning the Jenkins X versions repo https://github.com/jenkins-x/jenkins-x-versions.git with ref refs/heads/master to /builder/home/.**/jenkins-x-versions
Effective pipeline written to jenkins-x-effective.yml

Showing logs for build [32mfisoluwajana-jx-go-http-master-1[0m stage [32mmeta-pipeline[0m and container [32mstep-create-tekton-crds[0m
running command: echo \$(**-release-version) > VERSION

running command: ** step tag --version \$(cat VERSION)
Updating chart version in charts/**-go-http/Chart.yaml to 0.0.1
Updating repository in charts/**-go-http/values.yaml to 10.31.250.150:5000/************/**-go-http
Updating tag in charts/**-go-http/values.yaml to 0.0.1
Tag v0.0.1 created and pushed to remote origin

PipelineActivity for ************-**-go-http-master-1
Applying changes 
upserted PipelineResource ************-**-go-http-master for the git repository https://github.com/************/**-go-http.git
upserted Task ************-**-go-http-master-from-build-pack-1
upserted Pipeline ************-**-go-http-master-1
created PipelineRun ************-**-go-http-master-1
created PipelineStructure ************-**-go-http-master-1

Showing logs for build [32mfisoluwajana-jx-go-http-master-1[0m stage [32mfrom-build-pack[0m and container [32mstep-credential-initializer-fjqph[0m
{"level":"warn","ts":1568301806.2242615,"logger":"fallback-logger","caller":"logging/config.go:69","msg":"Fetch GitHub commit ID from kodata failed: \"ref: refs/heads/master\" is not a valid GitHub commit ID"}
{"level":"info","ts":1568301806.224946,"logger":"fallback-logger","caller":"creds-init/main.go:40","msg":"Credentials initialized."}

Showing logs for build [32mfisoluwajana-jx-go-http-master-1[0m stage [32mfrom-build-pack[0m and container [32mstep-working-dir-initializer-vq7rw[0m
{"level":"warn","ts":1568301808.3864307,"logger":"fallback-logger","caller":"logging/config.go:69","msg":"Fetch GitHub commit ID from kodata failed: open /var/run/ko/HEAD: no such file or directory"}
{"level":"info","ts":1568301808.3881426,"logger":"fallback-logger","caller":"bash/main.go:65","msg":"Successfully executed command \"mkdir -p /workspace/source /workspace/source/charts/**-go-http\""}

Showing logs for build [32mfisoluwajana-jx-go-http-master-1[0m stage [32mfrom-build-pack[0m and container [32mstep-place-tools[0m

Showing logs for build [32mfisoluwajana-jx-go-http-master-1[0m stage [32mfrom-build-pack[0m and container [32mstep-git-source-fisoluwajana-jx-go-http-master-vt89m[0m
{"level":"warn","ts":1568301824.369452,"logger":"fallback-logger","caller":"logging/config.go:69","msg":"Fetch GitHub commit ID from kodata failed: \"ref: refs/heads/master\" is not a valid GitHub commit ID"}
{"level":"info","ts":1568301825.4669578,"logger":"fallback-logger","caller":"git/git.go:102","msg":"Successfully cloned https://github.com/************/**-go-http.git @ v0.0.1 in path /workspace/source"}

Showing logs for build [32mfisoluwajana-jx-go-http-master-1[0m stage [32mfrom-build-pack[0m and container [32mstep-git-merge[0m
Using SHAs from PULL_REFS=master:
WARNING: no SHAs to merge, falling back to initial cloned commit

Showing logs for build [32mfisoluwajana-jx-go-http-master-1[0m stage [32mfrom-build-pack[0m and container [32mstep-setup-jx-git-credentials[0m
Generated Git credentials file /workspace/xdg_config/git/credentials

Showing logs for build [32mfisoluwajana-jx-go-http-master-1[0m stage [32mfrom-build-pack[0m and container [32mstep-build-make-build[0m
CGO_ENABLED=0 GO15VENDOREXPERIMENT=1 go build -ldflags '' -o bin/**-go-http main.go

Showing logs for build [32mfisoluwajana-jx-go-http-master-1[0m stage [32mfrom-build-pack[0m and container [32mstep-build-container-build[0m
[36mINFO[0m[0000] No base image, nothing to extract            
[36mINFO[0m[0000] cmd: EXPOSE                                  
[36mINFO[0m[0000] Adding exposed port: 8080/tcp                
[36mINFO[0m[0000] Using files from context: [/workspace/source/bin] 
[36mINFO[0m[0000] Skipping unpacking as no commands require it. 
[36mINFO[0m[0000] Taking snapshot of full filesystem...        
[36mINFO[0m[0000] EXPOSE 8080                                  
[36mINFO[0m[0000] cmd: EXPOSE                                  
[36mINFO[0m[0000] Adding exposed port: 8080/tcp                
[36mINFO[0m[0000] No files changed in this command, skipping snapshotting. 
[36mINFO[0m[0000] ENTRYPOINT ["/**-go-http"]                   
[36mINFO[0m[0000] No files changed in this command, skipping snapshotting. 
[36mINFO[0m[0000] Using files from context: [/workspace/source/bin] 
[36mINFO[0m[0000] COPY ./bin/ /                                
[36mINFO[0m[0000] Taking snapshot of files...                  
ERROR: logging before flag.Parse: E0912 15:23:54.722030      10 metadata.go:142] while reading 'google-dockercfg' metadata: http status code: 404 while fetching url http://metadata.google.internal./computeMetadata/v1/instance/attributes/google-dockercfg
ERROR: logging before flag.Parse: E0912 15:23:54.726028      10 metadata.go:159] while reading 'google-dockercfg-url' metadata: http status code: 404 while fetching url http://metadata.google.internal./computeMetadata/v1/instance/attributes/google-dockercfg-url
2019/09/12 15:23:54 pushed blob: sha256:3c03fb58d653271a9404a5895d2d48bf5e37b4f64100ff45e2ba8d3f55cbd36e
2019/09/12 15:23:55 pushed blob: sha256:6bc071d4668656e68437e83ac543f3bb02e307d9deb699797a138c77b314e162
2019/09/12 15:23:55 10.31.250.150:5000/************/**-go-http:0.0.1: digest: sha256:9550f6cadf395e6123271ce72fbcd84f9aec4e66c70fb1f4f2515cbc725f49de size: 428

Showing logs for build [32mfisoluwajana-jx-go-http-master-1[0m stage [32mfrom-build-pack[0m and container [32mstep-build-post-build[0m
no CVE provider running in the current ** namespace so skip adding image to be analysed

Showing logs for build [32mfisoluwajana-jx-go-http-master-1[0m stage [32mfrom-build-pack[0m and container [32mstep-promote-changelog[0m
Converted /workspace/source/charts/**-go-http to an unshallow repository
no previous commit version found so change diff unavailable

Showing logs for build [32mfisoluwajana-jx-go-http-master-1[0m stage [32mfrom-build-pack[0m and container [32mstep-promote-helm-release[0m
WARNING: No $CHART_REPOSITORY defined so using the default value of: http://jenkins-x-chartmuseum:8080
Adding missing Helm repo: storage.googleapis.com https://storage.googleapis.com/chartmuseum.jenkins-x.io
Successfully added Helm repository storage.googleapis.com.
Adding missing Helm repo: jenkins-x-chartmuseum http://jenkins-x-chartmuseum:8080
Successfully added Helm repository jenkins-x-chartmuseum.
WARNING: No $CHART_REPOSITORY defined so using the default value of: http://jenkins-x-chartmuseum:8080
Uploading chart file **-go-http-0.0.1.tgz to http://jenkins-x-chartmuseum:8080/api/charts
Received 201 response: {"saved":true}

Showing logs for build [32mfisoluwajana-jx-go-http-master-1[0m stage [32mfrom-build-pack[0m and container [32mstep-promote-jx-promote[0m
WARNING: prow based install so skip waiting for the merge of Pull Requests to go green as currently there is an issue with gettingstatuses from the PR, see https://github.com/jenkins-x/**/issues/2410
Promoting app **-go-http version 0.0.1 to namespace **-staging
WARNING: Waiting for the fork of ************/environment-toothgrave-staging to appear...
Forked Git repository to https://github.com/************/environment-toothgrave-staging
Created Pull Request: https://github.com/************-cloudbees/environment-toothgrave-staging/pull/1
Pull Request https://github.com/************-cloudbees/environment-toothgrave-staging/pull/1 is merged at sha 7867a94f0145e760a376c39d889afa17bed0fd19
Pull Request merged but we are not waiting for the update pipeline to complete!
WARNING: Could not find the service URL in namespace **-staging for names **-go-http, **-**-go-http, **-staging-**-go-http
